sf-0001
sf-0002
sf-0003
sf-0004
sf-0005
sf-0006
sf-0007
sf-0008
sf-0009
sf-0010
sf-0011
sf-0012
sf-0013
sf-0014
sf-0015
sf-0016
sf-0017
sf-0018
sf-0019
sf-0020
sf-0021
sf-0022
sf-0023
sf-0024
sf-0025
sf-0026
sf-0027
sf-0028
sf-0029
sf-0030
sf-0031
sf-0032
sf-0033
sf-0034
sf-0035
sf-0036
sf-0037
sf-0038
sf-0039
sf-0040
sf-0041
sf-0042
sf-0043
sf-0044
sf-0045
sf-0046
sf-0047
sf-0048
sf-0057
sf-0059
sf-0063
sf-055
sf-crackdetect-2021071609
sf-thermal-tile
sf-tile
sf-tile-thermal
sf-tile-thermal-v2
sf-tile-ver2
sf-tile-ver3
